<?xml version="1.0" encoding="UTF-8"?>
<!-- Generated by org.testng.reporters.JUnitReportReporter -->
<testsuite hostname="Bhoomi_Laptop" failures="0" tests="3" name="crossBrowser_Testing.CrossBrowser_TestNG" time="29.459" errors="0" timestamp="2024-09-27T22:22:33 IST" skipped="0">
  <testcase classname="crossBrowser_Testing.CrossBrowser_TestNG" name="openwebsite" time="12.949"/>
  <system-out/>
  <testcase classname="crossBrowser_Testing.CrossBrowser_TestNG" name="openwebsite" time="8.131"/>
  <system-out/>
  <testcase classname="crossBrowser_Testing.CrossBrowser_TestNG" name="openwebsite" time="8.379"/>
  <system-out/>
</testsuite> <!-- crossBrowser_Testing.CrossBrowser_TestNG -->
